<?xml version="1.0" encoding="UTF-8"?>
<!-- Generated by org.testng.reporters.JUnitXMLReporter -->
<testsuite ignored="0" hostname="Brijesh" failures="0" tests="6" name="Default test" time="46.739" errors="0" timestamp="2023-07-12T13:28:45 EDT">
  <testcase classname="test.AccountsTest" name="verifycreateAccount" time="3.589"/>
  <testcase classname="test.AccountsTest" name="verifydeleteAccount" time="3.04"/>
  <testcase classname="test.AccountsTest" name="verifyHelpTextforAccountList" time="1.229"/>
  <testcase classname="test.AccountsTest" name="verifyHelpTextforAccountManageGroups" time="1.368"/>
  <testcase classname="test.AccountsTest" name="verifyHelpTextforAccountTemplates" time="1.311"/>
  <testcase classname="test.AccountsTest" name="verifyHelpTextforAccountLockouts" time="1.295"/>
</testsuite> <!-- Default test -->
