<?xml version="1.0" encoding="UTF-8"?>
<!-- Generated by org.testng.reporters.JUnitXMLReporter -->
<testsuite ignored="0" hostname="Brijesh" failures="0" tests="6" name="Default test" time="43.439" errors="0" timestamp="2023-07-12T13:09:23 EDT">
  <testcase classname="test.AccountsTest" name="verifycreateAccount" time="3.305"/>
  <testcase classname="test.AccountsTest" name="verifydeleteAccount" time="2.49"/>
  <testcase classname="test.AccountsTest" name="verifyHelpTextforAccountList" time="0.747"/>
  <testcase classname="test.AccountsTest" name="verifyHelpTextforAccountManageGroups" time="0.732"/>
  <testcase classname="test.AccountsTest" name="verifyHelpTextforAccountTemplates" time="0.65"/>
  <testcase classname="test.AccountsTest" name="verifyHelpTextforAccountLockouts" time="0.72"/>
</testsuite> <!-- Default test -->
