<?xml version="1.0" encoding="UTF-8"?>
<testng-results ignored="0" total="6" passed="6" failed="0" skipped="0">
  <reporter-output>
  </reporter-output>
  <suite started-at="2023-07-12T13:27:58 EDT" name="Default suite" finished-at="2023-07-12T13:28:45 EDT" duration-ms="46739">
    <groups>
    </groups>
    <test started-at="2023-07-12T13:27:58 EDT" name="Default test" finished-at="2023-07-12T13:28:45 EDT" duration-ms="46739">
      <class name="test.AccountsTest">
        <test-method is-config="true" signature="initialisation()[pri:0, instance:test.AccountsTest@5a56cdac]" started-at="2023-07-12T13:27:58 EDT" name="initialisation" finished-at="2023-07-12T13:28:05 EDT" duration-ms="6763" status="PASS">
          <reporter-output>
          </reporter-output>
        </test-method> <!-- initialisation -->
        <test-method signature="verifycreateAccount()[pri:0, instance:test.AccountsTest@5a56cdac]" started-at="2023-07-12T13:28:05 EDT" name="verifycreateAccount" finished-at="2023-07-12T13:28:08 EDT" duration-ms="3589" status="PASS">
          <reporter-output>
          </reporter-output>
        </test-method> <!-- verifycreateAccount -->
        <test-method is-config="true" signature="teardown()[pri:0, instance:test.AccountsTest@5a56cdac]" started-at="2023-07-12T13:28:08 EDT" name="teardown" finished-at="2023-07-12T13:28:09 EDT" duration-ms="129" status="PASS">
          <reporter-output>
          </reporter-output>
        </test-method> <!-- teardown -->
        <test-method is-config="true" signature="initialisation()[pri:0, instance:test.AccountsTest@5a56cdac]" started-at="2023-07-12T13:28:09 EDT" name="initialisation" finished-at="2023-07-12T13:28:14 EDT" duration-ms="5549" status="PASS">
          <reporter-output>
          </reporter-output>
        </test-method> <!-- initialisation -->
        <test-method signature="verifydeleteAccount()[pri:1, instance:test.AccountsTest@5a56cdac]" started-at="2023-07-12T13:28:14 EDT" name="verifydeleteAccount" finished-at="2023-07-12T13:28:17 EDT" duration-ms="3040" status="PASS">
          <reporter-output>
          </reporter-output>
        </test-method> <!-- verifydeleteAccount -->
        <test-method is-config="true" signature="teardown()[pri:0, instance:test.AccountsTest@5a56cdac]" started-at="2023-07-12T13:28:17 EDT" name="teardown" finished-at="2023-07-12T13:28:17 EDT" duration-ms="115" status="PASS">
          <reporter-output>
          </reporter-output>
        </test-method> <!-- teardown -->
        <test-method is-config="true" signature="initialisation()[pri:0, instance:test.AccountsTest@5a56cdac]" started-at="2023-07-12T13:28:17 EDT" name="initialisation" finished-at="2023-07-12T13:28:23 EDT" duration-ms="5461" status="PASS">
          <reporter-output>
          </reporter-output>
        </test-method> <!-- initialisation -->
        <test-method signature="verifyHelpTextforAccountList()[pri:2, instance:test.AccountsTest@5a56cdac]" started-at="2023-07-12T13:28:23 EDT" name="verifyHelpTextforAccountList" finished-at="2023-07-12T13:28:24 EDT" duration-ms="1229" status="PASS">
          <reporter-output>
          </reporter-output>
        </test-method> <!-- verifyHelpTextforAccountList -->
        <test-method is-config="true" signature="teardown()[pri:0, instance:test.AccountsTest@5a56cdac]" started-at="2023-07-12T13:28:24 EDT" name="teardown" finished-at="2023-07-12T13:28:24 EDT" duration-ms="117" status="PASS">
          <reporter-output>
          </reporter-output>
        </test-method> <!-- teardown -->
        <test-method is-config="true" signature="initialisation()[pri:0, instance:test.AccountsTest@5a56cdac]" started-at="2023-07-12T13:28:24 EDT" name="initialisation" finished-at="2023-07-12T13:28:29 EDT" duration-ms="5398" status="PASS">
          <reporter-output>
          </reporter-output>
        </test-method> <!-- initialisation -->
        <test-method signature="verifyHelpTextforAccountManageGroups()[pri:3, instance:test.AccountsTest@5a56cdac]" started-at="2023-07-12T13:28:29 EDT" name="verifyHelpTextforAccountManageGroups" finished-at="2023-07-12T13:28:31 EDT" duration-ms="1368" status="PASS">
          <reporter-output>
          </reporter-output>
        </test-method> <!-- verifyHelpTextforAccountManageGroups -->
        <test-method is-config="true" signature="teardown()[pri:0, instance:test.AccountsTest@5a56cdac]" started-at="2023-07-12T13:28:31 EDT" name="teardown" finished-at="2023-07-12T13:28:31 EDT" duration-ms="119" status="PASS">
          <reporter-output>
          </reporter-output>
        </test-method> <!-- teardown -->
        <test-method is-config="true" signature="initialisation()[pri:0, instance:test.AccountsTest@5a56cdac]" started-at="2023-07-12T13:28:31 EDT" name="initialisation" finished-at="2023-07-12T13:28:36 EDT" duration-ms="5496" status="PASS">
          <reporter-output>
          </reporter-output>
        </test-method> <!-- initialisation -->
        <test-method signature="verifyHelpTextforAccountTemplates()[pri:4, instance:test.AccountsTest@5a56cdac]" started-at="2023-07-12T13:28:36 EDT" name="verifyHelpTextforAccountTemplates" finished-at="2023-07-12T13:28:38 EDT" duration-ms="1311" status="PASS">
          <reporter-output>
          </reporter-output>
        </test-method> <!-- verifyHelpTextforAccountTemplates -->
        <test-method is-config="true" signature="teardown()[pri:0, instance:test.AccountsTest@5a56cdac]" started-at="2023-07-12T13:28:38 EDT" name="teardown" finished-at="2023-07-12T13:28:38 EDT" duration-ms="120" status="PASS">
          <reporter-output>
          </reporter-output>
        </test-method> <!-- teardown -->
        <test-method is-config="true" signature="initialisation()[pri:0, instance:test.AccountsTest@5a56cdac]" started-at="2023-07-12T13:28:38 EDT" name="initialisation" finished-at="2023-07-12T13:28:43 EDT" duration-ms="5464" status="PASS">
          <reporter-output>
          </reporter-output>
        </test-method> <!-- initialisation -->
        <test-method signature="verifyHelpTextforAccountLockouts()[pri:5, instance:test.AccountsTest@5a56cdac]" started-at="2023-07-12T13:28:43 EDT" name="verifyHelpTextforAccountLockouts" finished-at="2023-07-12T13:28:45 EDT" duration-ms="1295" status="PASS">
          <reporter-output>
          </reporter-output>
        </test-method> <!-- verifyHelpTextforAccountLockouts -->
        <test-method is-config="true" signature="teardown()[pri:0, instance:test.AccountsTest@5a56cdac]" started-at="2023-07-12T13:28:45 EDT" name="teardown" finished-at="2023-07-12T13:28:45 EDT" duration-ms="133" status="PASS">
          <reporter-output>
          </reporter-output>
        </test-method> <!-- teardown -->
      </class> <!-- test.AccountsTest -->
    </test> <!-- Default test -->
  </suite> <!-- Default suite -->
</testng-results>
