<?xml version="1.0" encoding="UTF-8"?>
<testng-results ignored="0" total="6" passed="6" failed="0" skipped="0">
  <reporter-output>
  </reporter-output>
  <suite started-at="2023-07-12T13:08:40 EDT" name="Default suite" finished-at="2023-07-12T13:09:23 EDT" duration-ms="43439">
    <groups>
    </groups>
    <test started-at="2023-07-12T13:08:40 EDT" name="Default test" finished-at="2023-07-12T13:09:23 EDT" duration-ms="43439">
      <class name="test.AccountsTest">
        <test-method is-config="true" signature="initialisation()[pri:0, instance:test.AccountsTest@5a56cdac]" started-at="2023-07-12T13:08:40 EDT" name="initialisation" finished-at="2023-07-12T13:08:48 EDT" duration-ms="8324" status="PASS">
          <reporter-output>
          </reporter-output>
        </test-method> <!-- initialisation -->
        <test-method signature="verifycreateAccount()[pri:0, instance:test.AccountsTest@5a56cdac]" started-at="2023-07-12T13:08:48 EDT" name="verifycreateAccount" finished-at="2023-07-12T13:08:51 EDT" duration-ms="3305" status="PASS">
          <reporter-output>
          </reporter-output>
        </test-method> <!-- verifycreateAccount -->
        <test-method is-config="true" signature="teardown()[pri:0, instance:test.AccountsTest@5a56cdac]" started-at="2023-07-12T13:08:51 EDT" name="teardown" finished-at="2023-07-12T13:08:51 EDT" duration-ms="126" status="PASS">
          <reporter-output>
          </reporter-output>
        </test-method> <!-- teardown -->
        <test-method is-config="true" signature="initialisation()[pri:0, instance:test.AccountsTest@5a56cdac]" started-at="2023-07-12T13:08:51 EDT" name="initialisation" finished-at="2023-07-12T13:08:57 EDT" duration-ms="5274" status="PASS">
          <reporter-output>
          </reporter-output>
        </test-method> <!-- initialisation -->
        <test-method signature="verifydeleteAccount()[pri:1, instance:test.AccountsTest@5a56cdac]" started-at="2023-07-12T13:08:57 EDT" name="verifydeleteAccount" finished-at="2023-07-12T13:08:59 EDT" duration-ms="2490" status="PASS">
          <reporter-output>
          </reporter-output>
        </test-method> <!-- verifydeleteAccount -->
        <test-method is-config="true" signature="teardown()[pri:0, instance:test.AccountsTest@5a56cdac]" started-at="2023-07-12T13:08:59 EDT" name="teardown" finished-at="2023-07-12T13:08:59 EDT" duration-ms="141" status="PASS">
          <reporter-output>
          </reporter-output>
        </test-method> <!-- teardown -->
        <test-method is-config="true" signature="initialisation()[pri:0, instance:test.AccountsTest@5a56cdac]" started-at="2023-07-12T13:08:59 EDT" name="initialisation" finished-at="2023-07-12T13:09:04 EDT" duration-ms="4941" status="PASS">
          <reporter-output>
          </reporter-output>
        </test-method> <!-- initialisation -->
        <test-method signature="verifyHelpTextforAccountList()[pri:2, instance:test.AccountsTest@5a56cdac]" started-at="2023-07-12T13:09:04 EDT" name="verifyHelpTextforAccountList" finished-at="2023-07-12T13:09:05 EDT" duration-ms="747" status="PASS">
          <reporter-output>
          </reporter-output>
        </test-method> <!-- verifyHelpTextforAccountList -->
        <test-method is-config="true" signature="teardown()[pri:0, instance:test.AccountsTest@5a56cdac]" started-at="2023-07-12T13:09:05 EDT" name="teardown" finished-at="2023-07-12T13:09:05 EDT" duration-ms="173" status="PASS">
          <reporter-output>
          </reporter-output>
        </test-method> <!-- teardown -->
        <test-method is-config="true" signature="initialisation()[pri:0, instance:test.AccountsTest@5a56cdac]" started-at="2023-07-12T13:09:05 EDT" name="initialisation" finished-at="2023-07-12T13:09:10 EDT" duration-ms="4951" status="PASS">
          <reporter-output>
          </reporter-output>
        </test-method> <!-- initialisation -->
        <test-method signature="verifyHelpTextforAccountManageGroups()[pri:3, instance:test.AccountsTest@5a56cdac]" started-at="2023-07-12T13:09:10 EDT" name="verifyHelpTextforAccountManageGroups" finished-at="2023-07-12T13:09:11 EDT" duration-ms="732" status="PASS">
          <reporter-output>
          </reporter-output>
        </test-method> <!-- verifyHelpTextforAccountManageGroups -->
        <test-method is-config="true" signature="teardown()[pri:0, instance:test.AccountsTest@5a56cdac]" started-at="2023-07-12T13:09:11 EDT" name="teardown" finished-at="2023-07-12T13:09:11 EDT" duration-ms="178" status="PASS">
          <reporter-output>
          </reporter-output>
        </test-method> <!-- teardown -->
        <test-method is-config="true" signature="initialisation()[pri:0, instance:test.AccountsTest@5a56cdac]" started-at="2023-07-12T13:09:11 EDT" name="initialisation" finished-at="2023-07-12T13:09:16 EDT" duration-ms="5040" status="PASS">
          <reporter-output>
          </reporter-output>
        </test-method> <!-- initialisation -->
        <test-method signature="verifyHelpTextforAccountTemplates()[pri:4, instance:test.AccountsTest@5a56cdac]" started-at="2023-07-12T13:09:16 EDT" name="verifyHelpTextforAccountTemplates" finished-at="2023-07-12T13:09:17 EDT" duration-ms="650" status="PASS">
          <reporter-output>
          </reporter-output>
        </test-method> <!-- verifyHelpTextforAccountTemplates -->
        <test-method is-config="true" signature="teardown()[pri:0, instance:test.AccountsTest@5a56cdac]" started-at="2023-07-12T13:09:17 EDT" name="teardown" finished-at="2023-07-12T13:09:17 EDT" duration-ms="117" status="PASS">
          <reporter-output>
          </reporter-output>
        </test-method> <!-- teardown -->
        <test-method is-config="true" signature="initialisation()[pri:0, instance:test.AccountsTest@5a56cdac]" started-at="2023-07-12T13:09:17 EDT" name="initialisation" finished-at="2023-07-12T13:09:22 EDT" duration-ms="5351" status="PASS">
          <reporter-output>
          </reporter-output>
        </test-method> <!-- initialisation -->
        <test-method signature="verifyHelpTextforAccountLockouts()[pri:5, instance:test.AccountsTest@5a56cdac]" started-at="2023-07-12T13:09:22 EDT" name="verifyHelpTextforAccountLockouts" finished-at="2023-07-12T13:09:23 EDT" duration-ms="720" status="PASS">
          <reporter-output>
          </reporter-output>
        </test-method> <!-- verifyHelpTextforAccountLockouts -->
        <test-method is-config="true" signature="teardown()[pri:0, instance:test.AccountsTest@5a56cdac]" started-at="2023-07-12T13:09:23 EDT" name="teardown" finished-at="2023-07-12T13:09:23 EDT" duration-ms="136" status="PASS">
          <reporter-output>
          </reporter-output>
        </test-method> <!-- teardown -->
      </class> <!-- test.AccountsTest -->
    </test> <!-- Default test -->
  </suite> <!-- Default suite -->
</testng-results>
